<?xml version="1.0" encoding="UTF-8"?>
<!-- Generated by org.testng.reporters.JUnitReportReporter -->
<testsuite hostname="LTIN262643" failures="0" tests="1" name="TestCases.TC001_HomePageTest" time="5.471" errors="0" timestamp="2024-01-23T16:45:26 IST" skipped="0">
  <testcase classname="TestCases.TC001_HomePageTest" name="test1" time="5.471"/>
</testsuite> <!-- TestCases.TC001_HomePageTest -->
