<?xml version="1.0" encoding="UTF-8"?>
<!-- Generated by org.testng.reporters.JUnitReportReporter -->
<testsuite hostname="LTIN262643" failures="0" tests="6" name="TestCases.TC005_MedicalTest" time="21.543" errors="0" timestamp="2024-01-25T10:13:56 IST" skipped="0">
  <testcase classname="TestCases.TC005_MedicalTest" name="test1" time="5.556"/>
  <testcase classname="TestCases.TC005_MedicalTest" name="test2" time="2.176"/>
  <testcase classname="TestCases.TC005_MedicalTest" name="test3" time="3.256"/>
  <testcase classname="TestCases.TC005_MedicalTest" name="test4" time="5.513"/>
  <testcase classname="TestCases.TC005_MedicalTest" name="test5" time="3.604"/>
  <testcase classname="TestCases.TC005_MedicalTest" name="test6" time="1.438"/>
</testsuite> <!-- TestCases.TC005_MedicalTest -->
