<?xml version="1.0" encoding="UTF-8"?>
<!-- Generated by org.testng.reporters.JUnitReportReporter -->
<testsuite hostname="LTIN262643" failures="0" tests="7" name="TestCases.TC002_TravelDetailsTest" time="35.311" errors="0" timestamp="2024-01-25T10:53:19 IST" skipped="0">
  <testcase classname="TestCases.TC002_TravelDetailsTest" name="test1" time="5.820"/>
  <testcase classname="TestCases.TC002_TravelDetailsTest" name="test2" time="2.250"/>
  <testcase classname="TestCases.TC002_TravelDetailsTest" name="test3" time="3.290"/>
  <testcase classname="TestCases.TC002_TravelDetailsTest" name="test4" time="8.646"/>
  <testcase classname="TestCases.TC002_TravelDetailsTest" name="test5" time="6.393"/>
  <testcase classname="TestCases.TC002_TravelDetailsTest" name="test6" time="4.261"/>
  <testcase classname="TestCases.TC002_TravelDetailsTest" name="test7" time="4.651"/>
</testsuite> <!-- TestCases.TC002_TravelDetailsTest -->
