<?xml version="1.0" encoding="UTF-8"?>
<!-- Generated by org.testng.reporters.JUnitReportReporter -->
<testsuite hostname="LTIN262643" failures="0" tests="2" name="TestCases.TC002_DestinationTest" time="7.677" errors="0" timestamp="2024-01-24T23:07:29 IST" skipped="0">
  <testcase classname="TestCases.TC002_DestinationTest" name="test1" time="5.457"/>
  <testcase classname="TestCases.TC002_DestinationTest" name="test2" time="2.220"/>
</testsuite> <!-- TestCases.TC002_DestinationTest -->
