<?xml version="1.0" encoding="UTF-8"?>
<!-- Generated by org.testng.reporters.JUnitReportReporter -->
<testsuite hostname="LTIN210222" failures="0" tests="24" name="TestCases.TC004_HealthInsuranceNewTest" time="143.089" errors="0" timestamp="2024-02-11T11:14:54 IST" skipped="0">
  <testcase classname="TestCases.TC004_HealthInsuranceNewTest" name="test1" time="5.582"/>
  <system-out/>
  <testcase classname="TestCases.TC004_HealthInsuranceNewTest" name="test1" time="5.706"/>
  <system-out/>
  <testcase classname="TestCases.TC004_HealthInsuranceNewTest" name="test2" time="2.711"/>
  <system-out/>
  <testcase classname="TestCases.TC004_HealthInsuranceNewTest" name="test2" time="3.293"/>
  <system-out/>
  <testcase classname="TestCases.TC004_HealthInsuranceNewTest" name="test3" time="0.231"/>
  <system-out/>
  <testcase classname="TestCases.TC004_HealthInsuranceNewTest" name="test3" time="0.207"/>
  <system-out/>
  <testcase classname="TestCases.TC004_HealthInsuranceNewTest" name="test4" time="5.493"/>
  <system-out/>
  <testcase classname="TestCases.TC004_HealthInsuranceNewTest" name="test4" time="5.989"/>
  <system-out/>
  <testcase classname="TestCases.TC004_HealthInsuranceNewTest" name="test5" time="3.684"/>
  <system-out/>
  <testcase classname="TestCases.TC004_HealthInsuranceNewTest" name="test5" time="4.222"/>
  <system-out/>
  <testcase classname="TestCases.TC004_HealthInsuranceNewTest" name="test6" time="0.571"/>
  <system-out/>
  <testcase classname="TestCases.TC004_HealthInsuranceNewTest" name="test6" time="0.691"/>
  <system-out/>
  <testcase classname="TestCases.TC004_HealthInsuranceNewTest" name="test7" time="1.998"/>
  <system-out/>
  <testcase classname="TestCases.TC004_HealthInsuranceNewTest" name="test7" time="1.269"/>
  <system-out/>
  <testcase classname="TestCases.TC004_HealthInsuranceNewTest" name="test8" time="13.704"/>
  <system-out/>
  <testcase classname="TestCases.TC004_HealthInsuranceNewTest" name="test8" time="13.281"/>
  <system-out/>
  <testcase classname="TestCases.TC004_HealthInsuranceNewTest" name="test9" time="4.354"/>
  <system-out/>
  <testcase classname="TestCases.TC004_HealthInsuranceNewTest" name="test9" time="4.547"/>
  <system-out/>
  <testcase classname="TestCases.TC004_HealthInsuranceNewTest" name="test10" time="12.527"/>
  <system-out/>
  <testcase classname="TestCases.TC004_HealthInsuranceNewTest" name="test10" time="12.887"/>
  <system-out/>
  <testcase classname="TestCases.TC004_HealthInsuranceNewTest" name="test11" time="12.939"/>
  <system-out/>
  <testcase classname="TestCases.TC004_HealthInsuranceNewTest" name="test11" time="13.368"/>
  <system-out/>
  <testcase classname="TestCases.TC004_HealthInsuranceNewTest" name="test12" time="6.689"/>
  <system-out/>
  <testcase classname="TestCases.TC004_HealthInsuranceNewTest" name="test12" time="7.146"/>
  <system-out/>
</testsuite> <!-- TestCases.TC004_HealthInsuranceNewTest -->
