<?xml version="1.0" encoding="UTF-8"?>
<!-- Generated by org.testng.reporters.JUnitReportReporter -->
<testsuite hostname="LTIN262643" failures="0" tests="4" name="TestCases.TC003_DateSelectionTest" time="13.491" errors="0" timestamp="2024-01-24T23:29:50 IST" skipped="0">
  <testcase classname="TestCases.TC003_DateSelectionTest" name="test1" time="5.607"/>
  <testcase classname="TestCases.TC003_DateSelectionTest" name="test2" time="2.207"/>
  <testcase classname="TestCases.TC003_DateSelectionTest" name="test3" time="0.238"/>
  <testcase classname="TestCases.TC003_DateSelectionTest" name="test4" time="5.439"/>
</testsuite> <!-- TestCases.TC003_DateSelectionTest -->
