<?xml version="1.0" encoding="UTF-8"?>
<!-- Generated by org.testng.reporters.JUnitReportReporter -->
<testsuite hostname="LTIN262643" failures="0" tests="5" name="TestCases.TC004_TravellersTest" time="20.502" errors="0" timestamp="2024-01-25T01:33:22 IST" skipped="0">
  <testcase classname="TestCases.TC004_TravellersTest" name="test1" time="5.609"/>
  <testcase classname="TestCases.TC004_TravellersTest" name="test2" time="2.325"/>
  <testcase classname="TestCases.TC004_TravellersTest" name="test3" time="0.513"/>
  <testcase classname="TestCases.TC004_TravellersTest" name="test4" time="7.273"/>
  <testcase classname="TestCases.TC004_TravellersTest" name="test5" time="4.782"/>
</testsuite> <!-- TestCases.TC004_TravellersTest -->
