<?xml version="1.0" encoding="UTF-8"?>
<!-- Generated by org.testng.reporters.JUnitReportReporter -->
<testsuite hostname="LTIN262643" failures="0" tests="24" name="TestCases.TC006_HealthInsuranceNewTest" time="233.687" errors="0" timestamp="2024-02-05T15:56:01 IST" skipped="0">
  <testcase classname="TestCases.TC006_HealthInsuranceNewTest" name="test1" time="6.250"/>
  <testcase classname="TestCases.TC006_HealthInsuranceNewTest" name="test1" time="12.604"/>
  <testcase classname="TestCases.TC006_HealthInsuranceNewTest" name="test2" time="3.288"/>
  <testcase classname="TestCases.TC006_HealthInsuranceNewTest" name="test2" time="2.641"/>
  <testcase classname="TestCases.TC006_HealthInsuranceNewTest" name="test3" time="0.200"/>
  <testcase classname="TestCases.TC006_HealthInsuranceNewTest" name="test3" time="0.162"/>
  <testcase classname="TestCases.TC006_HealthInsuranceNewTest" name="test4" time="5.930"/>
  <testcase classname="TestCases.TC006_HealthInsuranceNewTest" name="test4" time="6.646"/>
  <testcase classname="TestCases.TC006_HealthInsuranceNewTest" name="test5" time="3.131"/>
  <testcase classname="TestCases.TC006_HealthInsuranceNewTest" name="test5" time="3.146"/>
  <testcase classname="TestCases.TC006_HealthInsuranceNewTest" name="test6" time="0.310"/>
  <testcase classname="TestCases.TC006_HealthInsuranceNewTest" name="test6" time="0.226"/>
  <testcase classname="TestCases.TC006_HealthInsuranceNewTest" name="test7" time="0.978"/>
  <testcase classname="TestCases.TC006_HealthInsuranceNewTest" name="test7" time="1.142"/>
  <testcase classname="TestCases.TC006_HealthInsuranceNewTest" name="test8" time="34.066"/>
  <testcase classname="TestCases.TC006_HealthInsuranceNewTest" name="test8" time="32.101"/>
  <testcase classname="TestCases.TC006_HealthInsuranceNewTest" name="test9" time="13.539"/>
  <testcase classname="TestCases.TC006_HealthInsuranceNewTest" name="test9" time="34.558"/>
  <testcase classname="TestCases.TC006_HealthInsuranceNewTest" name="test10" time="13.575"/>
  <testcase classname="TestCases.TC006_HealthInsuranceNewTest" name="test10" time="13.361"/>
  <testcase classname="TestCases.TC006_HealthInsuranceNewTest" name="test11" time="15.448"/>
  <testcase classname="TestCases.TC006_HealthInsuranceNewTest" name="test11" time="15.880"/>
  <testcase classname="TestCases.TC006_HealthInsuranceNewTest" name="test12" time="7.171"/>
  <testcase classname="TestCases.TC006_HealthInsuranceNewTest" name="test12" time="7.334"/>
</testsuite> <!-- TestCases.TC006_HealthInsuranceNewTest -->
